Model: SRGAN
Configuration:
Generator Input Channels: 3
Generator Output Channels: 3
Num Upsample Blocks: 2
Num Residual Blocks: 16
Discriminator Input Channels: 3
Learning Rate: 0.0001
Batch Size: 16
Number of Epochs: 100
--------------------------------------------------
Epoch: , Avg Generator Loss: , Avg Discriminator Loss: , Avg Content Loss: , Avg Adversarial Loss: , Avg Validation Generator Loss: , Avg Validation Discriminator Loss: 
2024-06-01 15:30:28,678 - 1, 2.9603, 0.0052, 2.8969, 10.5554, 2.4842, 0.0787
2024-06-01 15:45:24,894 - 2, 2.1837, 0.0024, 2.1325, 8.5295, 1.9906, 0.8947
2024-06-01 16:00:32,300 - 3, 1.8482, 0.0064, 1.7998, 8.0752, 1.7454, 0.6123
2024-06-01 16:15:34,681 - 4, 1.6866, 0.0141, 1.6387, 7.9888, 1.6735, 1.4322
2024-06-01 16:30:05,332 - 5, 1.5947, 0.0142, 1.5420, 8.7934, 1.5644, 0.1574
2024-06-01 16:44:41,220 - 6, 1.5133, 0.0125, 1.4686, 7.4526, 1.4966, 1.2961
2024-06-01 16:59:14,906 - 7, 1.4861, 0.0125, 1.4375, 8.0919, 1.5615, 1.1126
2024-06-01 17:14:05,275 - 8, 1.4710, 0.0266, 1.4251, 7.6540, 1.4768, 0.7589
2024-06-01 17:29:38,607 - 9, 1.4199, 0.0081, 1.3622, 9.6141, 1.4267, 3.4069
2024-06-01 17:45:11,189 - 10, 1.3737, 0.0000, 1.3065, 11.1887, 1.3971, 4.6519
2024-06-01 18:00:56,733 - 11, 1.3519, 0.0000, 1.2700, 13.6471, 1.3912, 4.5378
2024-06-01 18:15:33,687 - 12, 1.3260, 0.0000, 1.2362, 14.9774, 1.3509, 4.4880
2024-06-01 18:30:55,920 - 13, 1.3174, 0.0000, 1.2164, 16.8280, 1.3643, 5.1929
2024-06-01 18:45:24,768 - 14, 1.3055, 0.0000, 1.1918, 18.9496, 1.3283, 4.4672
2024-06-01 19:00:46,819 - 15, 1.2783, 0.0000, 1.1565, 20.3070, 1.3151, 5.6909
2024-06-01 19:15:51,990 - 16, 1.2567, 0.0000, 1.1293, 21.2406, 1.3012, 6.1308
2024-06-01 19:29:52,127 - 17, 1.2363, 0.0000, 1.1020, 22.3821, 1.2808, 6.0354
2024-06-01 19:45:39,175 - 18, 1.2176, 0.0000, 1.0805, 22.8573, 1.2784, 6.1397
2024-06-01 20:00:20,463 - 19, 1.2017, 0.0000, 1.0615, 23.3571, 1.2648, 6.7060
2024-06-01 20:16:24,637 - 20, 1.1640, 0.0134, 1.0743, 14.9355, 1.2759, 1.5036
2024-06-01 20:32:14,294 - 21, 1.1875, 0.0476, 1.1409, 7.7759, 1.2900, 2.0086
2024-06-01 20:47:39,817 - 22, 1.1838, 0.0332, 1.1339, 8.3211, 1.2585, 2.0027
2024-06-01 21:01:04,785 - 23, 1.1696, 0.0290, 1.1183, 8.5485, 1.2812, 4.4981
2024-06-01 21:14:27,558 - 24, 1.1591, 0.0258, 1.1044, 9.1079, 1.2491, 2.4332
2024-06-01 21:27:50,549 - 25, 1.1381, 0.0239, 1.0861, 8.6559, 1.2269, 1.3885
2024-06-01 21:41:27,555 - 26, 1.1160, 0.0270, 1.0649, 8.5252, 1.1914, 1.2996
2024-06-01 21:55:05,242 - 27, 1.0990, 0.0231, 1.0474, 8.6045, 1.2178, 1.1464
2024-06-01 22:08:43,719 - 28, 1.0909, 0.0207, 1.0339, 9.4906, 1.1748, 0.8579
2024-06-01 22:22:12,298 - 29, 1.0717, 0.0188, 1.0179, 8.9777, 1.2053, 2.0806
2024-06-01 22:35:41,887 - 30, 1.0593, 0.0193, 1.0054, 8.9896, 1.1989, 2.7381
2024-06-01 22:49:07,843 - 31, 1.0455, 0.0137, 0.9875, 9.6686, 1.1933, 3.5250
2024-06-01 23:02:52,735 - 32, 1.0305, 0.0206, 0.9708, 9.9461, 1.1743, 1.8178
2024-06-01 23:16:43,377 - 33, 1.0137, 0.0121, 0.9574, 9.3848, 1.1930, 2.5758
2024-06-01 23:30:05,540 - 34, 1.0089, 0.0160, 0.9484, 10.0862, 1.1574, 1.2395
2024-06-01 23:43:25,611 - 35, 0.9908, 0.0156, 0.9354, 9.2284, 1.1760, 2.0605
2024-06-01 23:56:45,678 - 36, 0.9820, 0.0146, 0.9238, 9.7026, 1.1667, 2.4851
2024-06-02 00:10:04,344 - 37, 0.9639, 0.0148, 0.9088, 9.1774, 1.1647, 1.9086
2024-06-02 00:23:21,052 - 38, 0.9578, 0.0090, 0.8986, 9.8792, 1.1711, 3.6972
2024-06-02 00:36:40,632 - 39, 0.9484, 0.0149, 0.8907, 9.6056, 1.1586, 2.1450
2024-06-02 00:49:57,440 - 40, 0.9359, 0.0186, 0.8794, 9.4180, 1.1372, 1.2142
2024-06-02 01:03:14,306 - 41, 0.9255, 0.0140, 0.8689, 9.4401, 1.1464, 1.7166
2024-06-02 01:16:34,610 - 42, 0.9156, 0.0144, 0.8569, 9.7786, 1.1655, 3.2557
2024-06-02 01:29:51,715 - 43, 0.9057, 0.0154, 0.8515, 9.0428, 1.1487, 1.7606
2024-06-02 01:43:16,335 - 44, 0.9050, 0.0127, 0.8464, 9.7618, 1.1277, 0.7685
2024-06-02 01:56:37,678 - 45, 0.8974, 0.0113, 0.8355, 10.3141, 1.1472, 2.1087
2024-06-02 02:09:54,634 - 46, 0.8857, 0.0136, 0.8288, 9.4885, 1.1464, 1.9626
2024-06-02 02:23:11,903 - 47, 0.8792, 0.0127, 0.8185, 10.1074, 1.1328, 1.3259
2024-06-02 02:36:40,842 - 48, 0.8640, 0.0134, 0.8093, 9.1187, 1.1309, 1.8679
2024-06-02 02:50:32,285 - 49, 0.8544, 0.0091, 0.7964, 9.6638, 1.1319, 1.8772
2024-06-02 03:04:34,915 - 50, 0.8553, 0.0092, 0.7982, 9.5281, 1.1816, 4.2478
